c:\users\bodyanbi4\source\repos\leonid daun\laba1\laba1\debug\vc142.pdb
c:\users\bodyanbi4\source\repos\leonid daun\laba1\laba1\debug\vc142.idb
c:\users\bodyanbi4\source\repos\leonid daun\laba1\laba1\debug\main.obj
c:\users\bodyanbi4\source\repos\leonid daun\laba1\laba1\debug\player_smart.obj
c:\users\bodyanbi4\source\repos\leonid daun\laba1\laba1\debug\player_random.obj
c:\users\bodyanbi4\source\repos\leonid daun\laba1\laba1\debug\game.obj
c:\users\bodyanbi4\source\repos\leonid daun\laba1\debug\laba1.ilk
c:\users\bodyanbi4\source\repos\leonid daun\laba1\debug\laba1.exe
c:\users\bodyanbi4\source\repos\leonid daun\laba1\debug\laba1.pdb
c:\users\leong\source\repos\laba1\debug\game.obj
c:\users\leong\source\repos\laba1\debug\main.obj
c:\users\leong\source\repos\laba1\debug\player_random.obj
c:\users\leong\source\repos\laba1\debug\player_smart.obj
c:\users\leong\source\repos\laba1\debug\vc142.idb
c:\users\leong\source\repos\laba1\debug\vc142.pdb
c:\users\leong\source\repos\laba1\debug\laba1.tlog\cl.command.1.tlog
c:\users\leong\source\repos\laba1\debug\laba1.tlog\cl.read.1.tlog
c:\users\leong\source\repos\laba1\debug\laba1.tlog\cl.write.1.tlog
c:\users\leong\source\repos\laba1\debug\laba1.tlog\link.command.1.tlog
c:\users\leong\source\repos\laba1\debug\laba1.tlog\link.read.1.tlog
c:\users\leong\source\repos\laba1\debug\laba1.tlog\link.write.1.tlog
