  game.cpp
C:\Users\leong\source\repos\laba1\laba1\player1.h(6,1): error C2504: Game: не определен базовый класс
C:\Users\leong\source\repos\laba1\laba1\player2.h(11,1): error C2504: Game: не определен базовый класс
C:\Users\leong\source\repos\laba1\laba1\game.h(20,46): error C2535: void Game::MakeStep(SmartPlayer,RandomPlayer): функция-член уже определена или объявлена
C:\Users\leong\source\repos\laba1\laba1\game.h(12): message : см. объявление "Game::MakeStep"
  player1.cpp
C:\Users\leong\source\repos\laba1\laba1\player1.h(6,1): error C2504: Game: не определен базовый класс
C:\Users\leong\source\repos\laba1\laba1\player2.h(11,1): error C2504: Game: не определен базовый класс
C:\Users\leong\source\repos\laba1\laba1\game.h(20,46): error C2535: void Game::MakeStep(SmartPlayer,RandomPlayer): функция-член уже определена или объявлена
C:\Users\leong\source\repos\laba1\laba1\game.h(12): message : см. объявление "Game::MakeStep"
  player2.cpp
C:\Users\leong\source\repos\laba1\laba1\player1.h(6,1): error C2504: Game: не определен базовый класс
C:\Users\leong\source\repos\laba1\laba1\game.h(12,28): error C2061: синтаксическая ошибка: идентификатор "SmartPlayer"
C:\Users\leong\source\repos\laba1\laba1\game.h(20,28): error C2061: синтаксическая ошибка: идентификатор "SmartPlayer"
C:\Users\leong\source\repos\laba1\laba1\game.h(20,46): error C2535: void Game::MakeStep(void): функция-член уже определена или объявлена
C:\Users\leong\source\repos\laba1\laba1\game.h(12): message : см. объявление "Game::MakeStep"
  Source.cpp
C:\Users\leong\source\repos\laba1\laba1\player1.h(6,1): error C2504: Game: не определен базовый класс
C:\Users\leong\source\repos\laba1\laba1\game.h(12,28): error C2061: синтаксическая ошибка: идентификатор "SmartPlayer"
C:\Users\leong\source\repos\laba1\laba1\game.h(20,28): error C2061: синтаксическая ошибка: идентификатор "SmartPlayer"
C:\Users\leong\source\repos\laba1\laba1\game.h(20,46): error C2535: void Game::MakeStep(void): функция-член уже определена или объявлена
C:\Users\leong\source\repos\laba1\laba1\game.h(12): message : см. объявление "Game::MakeStep"
  Создание кода...
